<?xml version="1.0" encoding="UTF-8"?>
<!-- Generated by org.testng.reporters.JUnitReportReporter -->
<testsuite hostname="LAPTOP-QVL6P9RL" failures="0" tests="1" name="PageObjectModelPageFactory.LoginTest" time="10.586" errors="0" timestamp="2021-12-22T21:19:37 MST" skipped="0">
  <testcase classname="PageObjectModelPageFactory.LoginTest" name="Login" time="10.586"/>
  <system-out/>
</testsuite> <!-- PageObjectModelPageFactory.LoginTest -->
