<?xml version="1.0" encoding="UTF-8"?>
<!-- Generated by org.testng.reporters.JUnitReportReporter -->
<testsuite hostname="LAPTOP-QVL6P9RL" failures="0" tests="1" name="Mavenpack.MVNPart2Test" time="16.513" errors="0" timestamp="2021-12-15T15:29:25 MST" skipped="0">
  <testcase classname="Mavenpack.MVNPart2Test" name="methodone" time="16.513"/>
  <system-out/>
</testsuite> <!-- Mavenpack.MVNPart2Test -->
