<?xml version="1.0" encoding="UTF-8"?>
<!-- Generated by org.testng.reporters.JUnitReportReporter -->
<testsuite hostname="LAPTOP-QVL6P9RL" failures="0" tests="1" name="Mavenpack.NewTESTNGpro" time="22.953" errors="0" timestamp="2021-12-13T16:45:06 MST" skipped="0">
  <testcase classname="Mavenpack.NewTESTNGpro" name="newdemo" time="22.953"/>
  <system-out/>
</testsuite> <!-- Mavenpack.NewTESTNGpro -->
