<?xml version="1.0" encoding="UTF-8"?>
<!-- Generated by org.testng.reporters.JUnitReportReporter -->
<testsuite hostname="LAPTOP-QVL6P9RL" failures="0" tests="1" name="Mavenpack.EXTentReportsTest" time="11.897" errors="0" timestamp="2021-12-15T17:28:00 MST" skipped="0">
  <testcase classname="Mavenpack.EXTentReportsTest" name="methodone" time="11.897"/>
  <system-out/>
</testsuite> <!-- Mavenpack.EXTentReportsTest -->
